13:57:17.396 | [Action]: 服务端启动监听[端口:8000]
13:57:32.856 | [Action]: 连接客户端[127.0.0.1:8580].
13:57:33.936 | [Action]: Hello World
13:57:34.536 | [Action]: Hello World
13:57:35.046 | [Action]: Hello World
13:57:35.546 | [Action]: Hello World
13:57:35.996 | [Action]: Hello World
13:57:36.476 | [Action]: Hello World
13:57:36.806 | [Action]: Hello World
13:57:37.156 | [Action]: Hello World
13:57:37.356 | [Action]: Hello World
13:57:38.066 | [Action]: Hello World
14:05:45.739 | [Action]: 服务端启动监听[端口:8000]
14:05:47.669 | [Action]: 连接客户端[100.100.20.161:8718].
14:05:55.909 | [NG]: 客户端断开连接[100.100.20.161:8718]
14:05:57.979 | [Action]: 连接客户端[100.100.20.161:8720].
14:06:00.049 | [Action]: Hello World
14:06:00.209 | [Action]: Hello World
14:06:00.439 | [Action]: Hello World
14:06:00.619 | [Action]: Hello World
14:06:00.819 | [Action]: Hello World
14:06:01.009 | [Action]: Hello World
14:06:01.269 | [Action]: Hello World
14:06:11.579 | [Action]: Hello World
14:06:11.729 | [Action]: Hello World
14:06:12.049 | [Action]: Hello World
14:06:12.249 | [Action]: Hello World
14:06:14.679 | [Action]: 停止测试TCP服务器监听:端口[8000]
